2025-12-03 20:02:52,919 - INFO - Data loaded from D:\fairness_project\data\Loan_approval_data_2025.csv, shape: (50000, 19)
2025-12-03 20:02:53,009 - INFO - Models need to be trained and saved.
2025-12-03 20:03:05,270 - INFO - Epoch [10/10], Loss: 0.2810
2025-12-03 20:03:05,284 - INFO - Accuracy on test set using NN: 90.69%
2025-12-03 20:03:10,645 - INFO - Accuracy on test set using Random Forest: 91.26%
2025-12-03 20:03:10,645 - INFO - 
Fairness Evaluation Results:

2025-12-03 20:03:10,645 - INFO - Threshold Age: 20
2025-12-03 20:03:10,652 - INFO - Neural Network Equal Opportunity Results:
2025-12-03 20:03:10,652 - INFO - Percentage: -9.126475033719895
2025-12-03 20:03:10,652 - INFO - Equal Opportunity for age>threshold:
2025-12-03 20:03:10,652 - INFO -   TPR Privileged: 0.9282
2025-12-03 20:03:10,652 - INFO -   TPR Unprivileged: 0.8342
2025-12-03 20:03:10,652 - INFO -   Difference (Priv - Unpriv): 0.0940
2025-12-03 20:03:10,652 - INFO - -----------------------------------
2025-12-03 20:03:10,657 - INFO - Random Forest Equal Opportunity Results:
2025-12-03 20:03:10,657 - INFO - Percentage: -14.536493705657328
2025-12-03 20:03:10,657 - INFO - Equal Opportunity for age>threshold:
2025-12-03 20:03:10,658 - INFO -   TPR Privileged: 0.9333
2025-12-03 20:03:10,658 - INFO -   TPR Unprivileged: 0.7883
2025-12-03 20:03:10,658 - INFO -   Difference (Priv - Unpriv): 0.1450
2025-12-03 20:03:10,658 - INFO - -----------------------------------
2025-12-03 20:03:10,742 - INFO - Models need to be trained and saved.
2025-12-03 20:03:22,175 - INFO - Epoch [10/10], Loss: 0.3245
2025-12-03 20:03:22,192 - INFO - Accuracy on test set using NN: 90.47%
2025-12-03 20:03:27,659 - INFO - Accuracy on test set using Random Forest: 91.26%
2025-12-03 20:03:27,659 - INFO - 
Fairness Evaluation Results:

2025-12-03 20:03:27,659 - INFO - Threshold Age: 21
2025-12-03 20:03:27,665 - INFO - Neural Network Equal Opportunity Results:
2025-12-03 20:03:27,665 - INFO - Percentage: -7.147563108354994
2025-12-03 20:03:27,665 - INFO - Equal Opportunity for age>threshold:
2025-12-03 20:03:27,665 - INFO -   TPR Privileged: 0.9252
2025-12-03 20:03:27,665 - INFO -   TPR Unprivileged: 0.8498
2025-12-03 20:03:27,665 - INFO -   Difference (Priv - Unpriv): 0.0754
2025-12-03 20:03:27,665 - INFO - -----------------------------------
2025-12-03 20:03:27,671 - INFO - Random Forest Equal Opportunity Results:
2025-12-03 20:03:27,671 - INFO - Percentage: -15.011918135802063
2025-12-03 20:03:27,671 - INFO - Equal Opportunity for age>threshold:
2025-12-03 20:03:27,671 - INFO -   TPR Privileged: 0.9351
2025-12-03 20:03:27,671 - INFO -   TPR Unprivileged: 0.7854
2025-12-03 20:03:27,671 - INFO -   Difference (Priv - Unpriv): 0.1497
2025-12-03 20:03:27,671 - INFO - -----------------------------------
2025-12-03 20:03:27,758 - INFO - Models need to be trained and saved.
2025-12-03 20:03:39,196 - INFO - Epoch [10/10], Loss: 0.2209
2025-12-03 20:03:39,214 - INFO - Accuracy on test set using NN: 90.44%
2025-12-03 20:03:44,667 - INFO - Accuracy on test set using Random Forest: 91.26%
2025-12-03 20:03:44,667 - INFO - 
Fairness Evaluation Results:

2025-12-03 20:03:44,667 - INFO - Threshold Age: 22
2025-12-03 20:03:44,673 - INFO - Neural Network Equal Opportunity Results:
2025-12-03 20:03:44,673 - INFO - Percentage: -12.664174031271248
2025-12-03 20:03:44,673 - INFO - Equal Opportunity for age>threshold:
2025-12-03 20:03:44,673 - INFO -   TPR Privileged: 0.9266
2025-12-03 20:03:44,673 - INFO -   TPR Unprivileged: 0.8000
2025-12-03 20:03:44,673 - INFO -   Difference (Priv - Unpriv): 0.1266
2025-12-03 20:03:44,673 - INFO - -----------------------------------
2025-12-03 20:03:44,679 - INFO - Random Forest Equal Opportunity Results:
2025-12-03 20:03:44,679 - INFO - Percentage: -14.989035219914271
2025-12-03 20:03:44,679 - INFO - Equal Opportunity for age>threshold:
2025-12-03 20:03:44,679 - INFO -   TPR Privileged: 0.9365
2025-12-03 20:03:44,679 - INFO -   TPR Unprivileged: 0.7868
2025-12-03 20:03:44,679 - INFO -   Difference (Priv - Unpriv): 0.1497
2025-12-03 20:03:44,679 - INFO - -----------------------------------
2025-12-03 20:03:44,759 - INFO - Models need to be trained and saved.
2025-12-03 20:03:56,156 - INFO - Epoch [10/10], Loss: 0.1524
2025-12-03 20:03:56,169 - INFO - Accuracy on test set using NN: 90.70%
2025-12-03 20:04:01,574 - INFO - Accuracy on test set using Random Forest: 91.26%
2025-12-03 20:04:01,574 - INFO - 
Fairness Evaluation Results:

2025-12-03 20:04:01,574 - INFO - Threshold Age: 23
2025-12-03 20:04:01,580 - INFO - Neural Network Equal Opportunity Results:
2025-12-03 20:04:01,580 - INFO - Percentage: -10.815648149974045
2025-12-03 20:04:01,580 - INFO - Equal Opportunity for age>threshold:
2025-12-03 20:04:01,580 - INFO -   TPR Privileged: 0.9299
2025-12-03 20:04:01,581 - INFO -   TPR Unprivileged: 0.8201
2025-12-03 20:04:01,581 - INFO -   Difference (Priv - Unpriv): 0.1099
2025-12-03 20:04:01,581 - INFO - -----------------------------------
2025-12-03 20:04:01,587 - INFO - Random Forest Equal Opportunity Results:
2025-12-03 20:04:01,587 - INFO - Percentage: -15.034589601197268
2025-12-03 20:04:01,587 - INFO - Equal Opportunity for age>threshold:
2025-12-03 20:04:01,587 - INFO -   TPR Privileged: 0.9387
2025-12-03 20:04:01,587 - INFO -   TPR Unprivileged: 0.7882
2025-12-03 20:04:01,587 - INFO -   Difference (Priv - Unpriv): 0.1505
2025-12-03 20:04:01,587 - INFO - -----------------------------------
2025-12-03 20:04:01,674 - INFO - Models need to be trained and saved.
2025-12-03 20:04:13,116 - INFO - Epoch [10/10], Loss: 0.1642
2025-12-03 20:04:13,133 - INFO - Accuracy on test set using NN: 90.76%
2025-12-03 20:04:18,541 - INFO - Accuracy on test set using Random Forest: 91.26%
2025-12-03 20:04:18,541 - INFO - 
Fairness Evaluation Results:

2025-12-03 20:04:18,541 - INFO - Threshold Age: 24
2025-12-03 20:04:18,549 - INFO - Neural Network Equal Opportunity Results:
2025-12-03 20:04:18,549 - INFO - Percentage: -12.017471417243321
2025-12-03 20:04:18,549 - INFO - Equal Opportunity for age>threshold:
2025-12-03 20:04:18,549 - INFO -   TPR Privileged: 0.9392
2025-12-03 20:04:18,549 - INFO -   TPR Unprivileged: 0.8170
2025-12-03 20:04:18,549 - INFO -   Difference (Priv - Unpriv): 0.1223
2025-12-03 20:04:18,549 - INFO - -----------------------------------
2025-12-03 20:04:18,555 - INFO - Random Forest Equal Opportunity Results:
2025-12-03 20:04:18,555 - INFO - Percentage: -13.652988689628387
2025-12-03 20:04:18,555 - INFO - Equal Opportunity for age>threshold:
2025-12-03 20:04:18,555 - INFO -   TPR Privileged: 0.9399
2025-12-03 20:04:18,555 - INFO -   TPR Unprivileged: 0.8022
2025-12-03 20:04:18,555 - INFO -   Difference (Priv - Unpriv): 0.1377
2025-12-03 20:04:18,555 - INFO - -----------------------------------
2025-12-03 20:04:18,636 - INFO - Models need to be trained and saved.
2025-12-03 20:04:30,100 - INFO - Epoch [10/10], Loss: 0.2068
2025-12-03 20:04:30,113 - INFO - Accuracy on test set using NN: 90.90%
2025-12-03 20:04:35,560 - INFO - Accuracy on test set using Random Forest: 91.26%
2025-12-03 20:04:35,560 - INFO - 
Fairness Evaluation Results:

2025-12-03 20:04:35,560 - INFO - Threshold Age: 25
2025-12-03 20:04:35,566 - INFO - Neural Network Equal Opportunity Results:
2025-12-03 20:04:35,566 - INFO - Percentage: -11.196406015770233
2025-12-03 20:04:35,566 - INFO - Equal Opportunity for age>threshold:
2025-12-03 20:04:35,566 - INFO -   TPR Privileged: 0.9398
2025-12-03 20:04:35,566 - INFO -   TPR Unprivileged: 0.8252
2025-12-03 20:04:35,566 - INFO -   Difference (Priv - Unpriv): 0.1146
2025-12-03 20:04:35,566 - INFO - -----------------------------------
2025-12-03 20:04:35,572 - INFO - Random Forest Equal Opportunity Results:
2025-12-03 20:04:35,572 - INFO - Percentage: -12.813861965463946
2025-12-03 20:04:35,572 - INFO - Equal Opportunity for age>threshold:
2025-12-03 20:04:35,572 - INFO -   TPR Privileged: 0.9417
2025-12-03 20:04:35,572 - INFO -   TPR Unprivileged: 0.8116
2025-12-03 20:04:35,572 - INFO -   Difference (Priv - Unpriv): 0.1301
2025-12-03 20:04:35,572 - INFO - -----------------------------------
2025-12-03 20:04:35,655 - INFO - Models need to be trained and saved.
2025-12-03 20:04:47,272 - INFO - Epoch [10/10], Loss: 0.2282
2025-12-03 20:04:47,288 - INFO - Accuracy on test set using NN: 90.42%
2025-12-03 20:04:52,734 - INFO - Accuracy on test set using Random Forest: 91.26%
2025-12-03 20:04:52,734 - INFO - 
Fairness Evaluation Results:

2025-12-03 20:04:52,734 - INFO - Threshold Age: 26
2025-12-03 20:04:52,741 - INFO - Neural Network Equal Opportunity Results:
2025-12-03 20:04:52,741 - INFO - Percentage: -11.564290962527558
2025-12-03 20:04:52,741 - INFO - Equal Opportunity for age>threshold:
2025-12-03 20:04:52,741 - INFO -   TPR Privileged: 0.9309
2025-12-03 20:04:52,741 - INFO -   TPR Unprivileged: 0.8140
2025-12-03 20:04:52,741 - INFO -   Difference (Priv - Unpriv): 0.1170
2025-12-03 20:04:52,741 - INFO - -----------------------------------
2025-12-03 20:04:52,747 - INFO - Random Forest Equal Opportunity Results:
2025-12-03 20:04:52,747 - INFO - Percentage: -12.120695904313152
2025-12-03 20:04:52,747 - INFO - Equal Opportunity for age>threshold:
2025-12-03 20:04:52,747 - INFO -   TPR Privileged: 0.9436
2025-12-03 20:04:52,747 - INFO -   TPR Unprivileged: 0.8198
2025-12-03 20:04:52,747 - INFO -   Difference (Priv - Unpriv): 0.1238
2025-12-03 20:04:52,747 - INFO - -----------------------------------
2025-12-03 20:04:52,827 - INFO - Models need to be trained and saved.
2025-12-03 20:05:04,166 - INFO - Epoch [10/10], Loss: 0.1993
2025-12-03 20:05:04,181 - INFO - Accuracy on test set using NN: 90.98%
2025-12-03 20:05:09,644 - INFO - Accuracy on test set using Random Forest: 91.26%
2025-12-03 20:05:09,644 - INFO - 
Fairness Evaluation Results:

2025-12-03 20:05:09,644 - INFO - Threshold Age: 27
2025-12-03 20:05:09,650 - INFO - Neural Network Equal Opportunity Results:
2025-12-03 20:05:09,650 - INFO - Percentage: -9.727183955343145
2025-12-03 20:05:09,650 - INFO - Equal Opportunity for age>threshold:
2025-12-03 20:05:09,650 - INFO -   TPR Privileged: 0.9478
2025-12-03 20:05:09,650 - INFO -   TPR Unprivileged: 0.8461
2025-12-03 20:05:09,650 - INFO -   Difference (Priv - Unpriv): 0.1017
2025-12-03 20:05:09,650 - INFO - -----------------------------------
2025-12-03 20:05:09,656 - INFO - Random Forest Equal Opportunity Results:
2025-12-03 20:05:09,656 - INFO - Percentage: -11.03299957443531
2025-12-03 20:05:09,656 - INFO - Equal Opportunity for age>threshold:
2025-12-03 20:05:09,656 - INFO -   TPR Privileged: 0.9444
2025-12-03 20:05:09,656 - INFO -   TPR Unprivileged: 0.8308
2025-12-03 20:05:09,656 - INFO -   Difference (Priv - Unpriv): 0.1136
2025-12-03 20:05:09,656 - INFO - -----------------------------------
2025-12-03 20:05:09,737 - INFO - Models need to be trained and saved.
2025-12-03 20:05:21,055 - INFO - Epoch [10/10], Loss: 0.2037
2025-12-03 20:05:21,070 - INFO - Accuracy on test set using NN: 90.89%
2025-12-03 20:05:26,496 - INFO - Accuracy on test set using Random Forest: 91.26%
2025-12-03 20:05:26,496 - INFO - 
Fairness Evaluation Results:

2025-12-03 20:05:26,496 - INFO - Threshold Age: 28
2025-12-03 20:05:26,503 - INFO - Neural Network Equal Opportunity Results:
2025-12-03 20:05:26,503 - INFO - Percentage: -9.257012427667767
2025-12-03 20:05:26,503 - INFO - Equal Opportunity for age>threshold:
2025-12-03 20:05:26,503 - INFO -   TPR Privileged: 0.9471
2025-12-03 20:05:26,503 - INFO -   TPR Unprivileged: 0.8499
2025-12-03 20:05:26,503 - INFO -   Difference (Priv - Unpriv): 0.0971
2025-12-03 20:05:26,503 - INFO - -----------------------------------
2025-12-03 20:05:26,508 - INFO - Random Forest Equal Opportunity Results:
2025-12-03 20:05:26,508 - INFO - Percentage: -10.50978267796826
2025-12-03 20:05:26,508 - INFO - Equal Opportunity for age>threshold:
2025-12-03 20:05:26,508 - INFO -   TPR Privileged: 0.9460
2025-12-03 20:05:26,508 - INFO -   TPR Unprivileged: 0.8371
2025-12-03 20:05:26,508 - INFO -   Difference (Priv - Unpriv): 0.1089
2025-12-03 20:05:26,508 - INFO - -----------------------------------
2025-12-03 20:05:26,594 - INFO - Models need to be trained and saved.
2025-12-03 20:05:38,013 - INFO - Epoch [10/10], Loss: 0.3810
2025-12-03 20:05:38,029 - INFO - Accuracy on test set using NN: 90.70%
2025-12-03 20:05:43,463 - INFO - Accuracy on test set using Random Forest: 91.26%
2025-12-03 20:05:43,463 - INFO - 
Fairness Evaluation Results:

2025-12-03 20:05:43,463 - INFO - Threshold Age: 29
2025-12-03 20:05:43,469 - INFO - Neural Network Equal Opportunity Results:
2025-12-03 20:05:43,469 - INFO - Percentage: -5.91262577454379
2025-12-03 20:05:43,469 - INFO - Equal Opportunity for age>threshold:
2025-12-03 20:05:43,469 - INFO -   TPR Privileged: 0.9351
2025-12-03 20:05:43,469 - INFO -   TPR Unprivileged: 0.8704
2025-12-03 20:05:43,469 - INFO -   Difference (Priv - Unpriv): 0.0646
2025-12-03 20:05:43,469 - INFO - -----------------------------------
2025-12-03 20:05:43,475 - INFO - Random Forest Equal Opportunity Results:
2025-12-03 20:05:43,475 - INFO - Percentage: -9.257850682545932
2025-12-03 20:05:43,475 - INFO - Equal Opportunity for age>threshold:
2025-12-03 20:05:43,475 - INFO -   TPR Privileged: 0.9462
2025-12-03 20:05:43,475 - INFO -   TPR Unprivileged: 0.8492
2025-12-03 20:05:43,475 - INFO -   Difference (Priv - Unpriv): 0.0971
2025-12-03 20:05:43,475 - INFO - -----------------------------------
2025-12-03 20:05:43,555 - INFO - Models need to be trained and saved.
2025-12-03 20:05:55,036 - INFO - Epoch [10/10], Loss: 0.1043
2025-12-03 20:05:55,053 - INFO - Accuracy on test set using NN: 90.64%
2025-12-03 20:06:00,478 - INFO - Accuracy on test set using Random Forest: 91.26%
2025-12-03 20:06:00,478 - INFO - 
Fairness Evaluation Results:

2025-12-03 20:06:00,478 - INFO - Threshold Age: 30
2025-12-03 20:06:00,485 - INFO - Neural Network Equal Opportunity Results:
2025-12-03 20:06:00,485 - INFO - Percentage: -6.959505033973125
2025-12-03 20:06:00,485 - INFO - Equal Opportunity for age>threshold:
2025-12-03 20:06:00,485 - INFO -   TPR Privileged: 0.9466
2025-12-03 20:06:00,485 - INFO -   TPR Unprivileged: 0.8712
2025-12-03 20:06:00,485 - INFO -   Difference (Priv - Unpriv): 0.0753
2025-12-03 20:06:00,485 - INFO - -----------------------------------
2025-12-03 20:06:00,490 - INFO - Random Forest Equal Opportunity Results:
2025-12-03 20:06:00,490 - INFO - Percentage: -8.289497142257886
2025-12-03 20:06:00,490 - INFO - Equal Opportunity for age>threshold:
2025-12-03 20:06:00,490 - INFO -   TPR Privileged: 0.9469
2025-12-03 20:06:00,490 - INFO -   TPR Unprivileged: 0.8590
2025-12-03 20:06:00,490 - INFO -   Difference (Priv - Unpriv): 0.0880
2025-12-03 20:06:00,490 - INFO - -----------------------------------
2025-12-03 20:06:00,573 - INFO - Models need to be trained and saved.
2025-12-03 20:06:12,099 - INFO - Epoch [10/10], Loss: 0.0958
2025-12-03 20:06:12,114 - INFO - Accuracy on test set using NN: 90.58%
2025-12-03 20:06:17,545 - INFO - Accuracy on test set using Random Forest: 91.26%
2025-12-03 20:06:17,545 - INFO - 
Fairness Evaluation Results:

2025-12-03 20:06:17,545 - INFO - Threshold Age: 31
2025-12-03 20:06:17,552 - INFO - Neural Network Equal Opportunity Results:
2025-12-03 20:06:17,552 - INFO - Percentage: -6.351818467739523
2025-12-03 20:06:17,552 - INFO - Equal Opportunity for age>threshold:
2025-12-03 20:06:17,552 - INFO -   TPR Privileged: 0.9544
2025-12-03 20:06:17,552 - INFO -   TPR Unprivileged: 0.8842
2025-12-03 20:06:17,552 - INFO -   Difference (Priv - Unpriv): 0.0702
2025-12-03 20:06:17,552 - INFO - -----------------------------------
2025-12-03 20:06:17,558 - INFO - Random Forest Equal Opportunity Results:
2025-12-03 20:06:17,558 - INFO - Percentage: -8.008312895137538
2025-12-03 20:06:17,558 - INFO - Equal Opportunity for age>threshold:
2025-12-03 20:06:17,558 - INFO -   TPR Privileged: 0.9489
2025-12-03 20:06:17,558 - INFO -   TPR Unprivileged: 0.8634
2025-12-03 20:06:17,558 - INFO -   Difference (Priv - Unpriv): 0.0855
2025-12-03 20:06:17,558 - INFO - -----------------------------------
2025-12-03 20:06:17,637 - INFO - Models need to be trained and saved.
2025-12-03 20:06:29,047 - INFO - Epoch [10/10], Loss: 0.2794
2025-12-03 20:06:29,062 - INFO - Accuracy on test set using NN: 90.69%
2025-12-03 20:06:34,464 - INFO - Accuracy on test set using Random Forest: 91.26%
2025-12-03 20:06:34,464 - INFO - 
Fairness Evaluation Results:

2025-12-03 20:06:34,464 - INFO - Threshold Age: 32
2025-12-03 20:06:34,470 - INFO - Neural Network Equal Opportunity Results:
2025-12-03 20:06:34,470 - INFO - Percentage: -5.075857238983263
2025-12-03 20:06:34,470 - INFO - Equal Opportunity for age>threshold:
2025-12-03 20:06:34,470 - INFO -   TPR Privileged: 0.9421
2025-12-03 20:06:34,470 - INFO -   TPR Unprivileged: 0.8849
2025-12-03 20:06:34,470 - INFO -   Difference (Priv - Unpriv): 0.0572
2025-12-03 20:06:34,470 - INFO - -----------------------------------
2025-12-03 20:06:34,476 - INFO - Random Forest Equal Opportunity Results:
2025-12-03 20:06:34,476 - INFO - Percentage: -7.6362978047232914
2025-12-03 20:06:34,476 - INFO - Equal Opportunity for age>threshold:
2025-12-03 20:06:34,476 - INFO -   TPR Privileged: 0.9508
2025-12-03 20:06:34,476 - INFO -   TPR Unprivileged: 0.8687
2025-12-03 20:06:34,476 - INFO -   Difference (Priv - Unpriv): 0.0821
2025-12-03 20:06:34,476 - INFO - -----------------------------------
2025-12-03 20:06:34,560 - INFO - Models need to be trained and saved.
2025-12-03 20:06:45,788 - INFO - Epoch [10/10], Loss: 0.2194
2025-12-03 20:06:45,804 - INFO - Accuracy on test set using NN: 90.79%
2025-12-03 20:06:51,224 - INFO - Accuracy on test set using Random Forest: 91.26%
2025-12-03 20:06:51,224 - INFO - 
Fairness Evaluation Results:

2025-12-03 20:06:51,224 - INFO - Threshold Age: 33
2025-12-03 20:06:51,230 - INFO - Neural Network Equal Opportunity Results:
2025-12-03 20:06:51,230 - INFO - Percentage: -6.976745045389045
2025-12-03 20:06:51,230 - INFO - Equal Opportunity for age>threshold:
2025-12-03 20:06:51,230 - INFO -   TPR Privileged: 0.9485
2025-12-03 20:06:51,230 - INFO -   TPR Unprivileged: 0.8728
2025-12-03 20:06:51,230 - INFO -   Difference (Priv - Unpriv): 0.0757
2025-12-03 20:06:51,230 - INFO - -----------------------------------
2025-12-03 20:06:51,235 - INFO - Random Forest Equal Opportunity Results:
2025-12-03 20:06:51,235 - INFO - Percentage: -6.837300465733565
2025-12-03 20:06:51,235 - INFO - Equal Opportunity for age>threshold:
2025-12-03 20:06:51,235 - INFO -   TPR Privileged: 0.9507
2025-12-03 20:06:51,236 - INFO -   TPR Unprivileged: 0.8762
2025-12-03 20:06:51,236 - INFO -   Difference (Priv - Unpriv): 0.0745
2025-12-03 20:06:51,236 - INFO - -----------------------------------
2025-12-03 20:06:51,314 - INFO - Models need to be trained and saved.
2025-12-03 20:07:02,646 - INFO - Epoch [10/10], Loss: 0.2544
2025-12-03 20:07:02,661 - INFO - Accuracy on test set using NN: 90.58%
2025-12-03 20:07:08,135 - INFO - Accuracy on test set using Random Forest: 91.26%
2025-12-03 20:07:08,135 - INFO - 
Fairness Evaluation Results:

2025-12-03 20:07:08,135 - INFO - Threshold Age: 34
2025-12-03 20:07:08,141 - INFO - Neural Network Equal Opportunity Results:
2025-12-03 20:07:08,141 - INFO - Percentage: -5.0301280623272895
2025-12-03 20:07:08,141 - INFO - Equal Opportunity for age>threshold:
2025-12-03 20:07:08,141 - INFO -   TPR Privileged: 0.9518
2025-12-03 20:07:08,141 - INFO -   TPR Unprivileged: 0.8944
2025-12-03 20:07:08,141 - INFO -   Difference (Priv - Unpriv): 0.0574
2025-12-03 20:07:08,141 - INFO - -----------------------------------
2025-12-03 20:07:08,146 - INFO - Random Forest Equal Opportunity Results:
2025-12-03 20:07:08,147 - INFO - Percentage: -6.768265629414984
2025-12-03 20:07:08,147 - INFO - Equal Opportunity for age>threshold:
2025-12-03 20:07:08,147 - INFO -   TPR Privileged: 0.9532
2025-12-03 20:07:08,147 - INFO -   TPR Unprivileged: 0.8792
2025-12-03 20:07:08,147 - INFO -   Difference (Priv - Unpriv): 0.0741
2025-12-03 20:07:08,147 - INFO - -----------------------------------
2025-12-03 20:07:08,225 - INFO - Models need to be trained and saved.
2025-12-03 20:07:19,608 - INFO - Epoch [10/10], Loss: 0.1334
2025-12-03 20:07:19,620 - INFO - Accuracy on test set using NN: 90.60%
2025-12-03 20:07:25,072 - INFO - Accuracy on test set using Random Forest: 91.26%
2025-12-03 20:07:25,072 - INFO - 
Fairness Evaluation Results:

2025-12-03 20:07:25,072 - INFO - Threshold Age: 35
2025-12-03 20:07:25,078 - INFO - Neural Network Equal Opportunity Results:
2025-12-03 20:07:25,078 - INFO - Percentage: -5.934483114470725
2025-12-03 20:07:25,078 - INFO - Equal Opportunity for age>threshold:
2025-12-03 20:07:25,078 - INFO -   TPR Privileged: 0.9399
2025-12-03 20:07:25,078 - INFO -   TPR Unprivileged: 0.8747
2025-12-03 20:07:25,078 - INFO -   Difference (Priv - Unpriv): 0.0652
2025-12-03 20:07:25,078 - INFO - -----------------------------------
2025-12-03 20:07:25,083 - INFO - Random Forest Equal Opportunity Results:
2025-12-03 20:07:25,083 - INFO - Percentage: -6.854474884625462
2025-12-03 20:07:25,083 - INFO - Equal Opportunity for age>threshold:
2025-12-03 20:07:25,083 - INFO -   TPR Privileged: 0.9567
2025-12-03 20:07:25,083 - INFO -   TPR Unprivileged: 0.8816
2025-12-03 20:07:25,083 - INFO -   Difference (Priv - Unpriv): 0.0751
2025-12-03 20:07:25,083 - INFO - -----------------------------------
2025-12-03 20:07:25,165 - INFO - Models need to be trained and saved.
2025-12-03 20:07:36,681 - INFO - Epoch [10/10], Loss: 0.1916
2025-12-03 20:07:36,698 - INFO - Accuracy on test set using NN: 90.64%
2025-12-03 20:07:42,166 - INFO - Accuracy on test set using Random Forest: 91.26%
2025-12-03 20:07:42,166 - INFO - 
Fairness Evaluation Results:

2025-12-03 20:07:42,167 - INFO - Threshold Age: 36
2025-12-03 20:07:42,173 - INFO - Neural Network Equal Opportunity Results:
2025-12-03 20:07:42,173 - INFO - Percentage: -5.369148330504515
2025-12-03 20:07:42,173 - INFO - Equal Opportunity for age>threshold:
2025-12-03 20:07:42,173 - INFO -   TPR Privileged: 0.9553
2025-12-03 20:07:42,173 - INFO -   TPR Unprivileged: 0.8945
2025-12-03 20:07:42,173 - INFO -   Difference (Priv - Unpriv): 0.0608
2025-12-03 20:07:42,173 - INFO - -----------------------------------
2025-12-03 20:07:42,178 - INFO - Random Forest Equal Opportunity Results:
2025-12-03 20:07:42,178 - INFO - Percentage: -6.607604410249169
2025-12-03 20:07:42,178 - INFO - Equal Opportunity for age>threshold:
2025-12-03 20:07:42,179 - INFO -   TPR Privileged: 0.9585
2025-12-03 20:07:42,179 - INFO -   TPR Unprivileged: 0.8856
2025-12-03 20:07:42,179 - INFO -   Difference (Priv - Unpriv): 0.0729
2025-12-03 20:07:42,179 - INFO - -----------------------------------
2025-12-03 20:07:42,259 - INFO - Models need to be trained and saved.
2025-12-03 20:07:53,755 - INFO - Epoch [10/10], Loss: 0.1184
2025-12-03 20:07:53,768 - INFO - Accuracy on test set using NN: 90.42%
2025-12-03 20:07:59,231 - INFO - Accuracy on test set using Random Forest: 91.26%
2025-12-03 20:07:59,231 - INFO - 
Fairness Evaluation Results:

2025-12-03 20:07:59,231 - INFO - Threshold Age: 37
2025-12-03 20:07:59,238 - INFO - Neural Network Equal Opportunity Results:
2025-12-03 20:07:59,238 - INFO - Percentage: -6.541279122422417
2025-12-03 20:07:59,238 - INFO - Equal Opportunity for age>threshold:
2025-12-03 20:07:59,238 - INFO -   TPR Privileged: 0.9537
2025-12-03 20:07:59,238 - INFO -   TPR Unprivileged: 0.8818
2025-12-03 20:07:59,238 - INFO -   Difference (Priv - Unpriv): 0.0719
2025-12-03 20:07:59,238 - INFO - -----------------------------------
2025-12-03 20:07:59,243 - INFO - Random Forest Equal Opportunity Results:
2025-12-03 20:07:59,244 - INFO - Percentage: -6.501261201910014
2025-12-03 20:07:59,244 - INFO - Equal Opportunity for age>threshold:
2025-12-03 20:07:59,244 - INFO -   TPR Privileged: 0.9606
2025-12-03 20:07:59,244 - INFO -   TPR Unprivileged: 0.8886
2025-12-03 20:07:59,244 - INFO -   Difference (Priv - Unpriv): 0.0721
2025-12-03 20:07:59,244 - INFO - -----------------------------------
2025-12-03 20:07:59,321 - INFO - Models need to be trained and saved.
2025-12-03 20:08:10,568 - INFO - Epoch [10/10], Loss: 0.2583
2025-12-03 20:08:10,584 - INFO - Accuracy on test set using NN: 90.81%
2025-12-03 20:08:16,046 - INFO - Accuracy on test set using Random Forest: 91.26%
2025-12-03 20:08:16,046 - INFO - 
Fairness Evaluation Results:

2025-12-03 20:08:16,046 - INFO - Threshold Age: 38
2025-12-03 20:08:16,052 - INFO - Neural Network Equal Opportunity Results:
2025-12-03 20:08:16,052 - INFO - Percentage: -3.9470994960156167
2025-12-03 20:08:16,052 - INFO - Equal Opportunity for age>threshold:
2025-12-03 20:08:16,052 - INFO -   TPR Privileged: 0.9515
2025-12-03 20:08:16,052 - INFO -   TPR Unprivileged: 0.9044
2025-12-03 20:08:16,052 - INFO -   Difference (Priv - Unpriv): 0.0471
2025-12-03 20:08:16,052 - INFO - -----------------------------------
2025-12-03 20:08:16,057 - INFO - Random Forest Equal Opportunity Results:
2025-12-03 20:08:16,057 - INFO - Percentage: -6.2985909326553795
2025-12-03 20:08:16,057 - INFO - Equal Opportunity for age>threshold:
2025-12-03 20:08:16,057 - INFO -   TPR Privileged: 0.9620
2025-12-03 20:08:16,057 - INFO -   TPR Unprivileged: 0.8917
2025-12-03 20:08:16,057 - INFO -   Difference (Priv - Unpriv): 0.0702
2025-12-03 20:08:16,057 - INFO - -----------------------------------
2025-12-03 20:08:16,138 - INFO - Models need to be trained and saved.
2025-12-03 20:08:27,511 - INFO - Epoch [10/10], Loss: 0.3361
2025-12-03 20:08:27,529 - INFO - Accuracy on test set using NN: 90.74%
2025-12-03 20:08:32,961 - INFO - Accuracy on test set using Random Forest: 91.26%
2025-12-03 20:08:32,961 - INFO - 
Fairness Evaluation Results:

2025-12-03 20:08:32,961 - INFO - Threshold Age: 39
2025-12-03 20:08:32,967 - INFO - Neural Network Equal Opportunity Results:
2025-12-03 20:08:32,967 - INFO - Percentage: -2.89869509495514
2025-12-03 20:08:32,968 - INFO - Equal Opportunity for age>threshold:
2025-12-03 20:08:32,968 - INFO -   TPR Privileged: 0.9411
2025-12-03 20:08:32,968 - INFO -   TPR Unprivileged: 0.9044
2025-12-03 20:08:32,968 - INFO -   Difference (Priv - Unpriv): 0.0367
2025-12-03 20:08:32,968 - INFO - -----------------------------------
2025-12-03 20:08:32,973 - INFO - Random Forest Equal Opportunity Results:
2025-12-03 20:08:32,973 - INFO - Percentage: -5.8627450980392135
2025-12-03 20:08:32,973 - INFO - Equal Opportunity for age>threshold:
2025-12-03 20:08:32,973 - INFO -   TPR Privileged: 0.9618
2025-12-03 20:08:32,973 - INFO -   TPR Unprivileged: 0.8958
2025-12-03 20:08:32,973 - INFO -   Difference (Priv - Unpriv): 0.0660
2025-12-03 20:08:32,973 - INFO - -----------------------------------
2025-12-03 20:08:33,050 - INFO - Models need to be trained and saved.
2025-12-03 20:08:44,392 - INFO - Epoch [10/10], Loss: 0.2369
2025-12-03 20:08:44,404 - INFO - Accuracy on test set using NN: 90.81%
2025-12-03 20:08:49,840 - INFO - Accuracy on test set using Random Forest: 91.26%
2025-12-03 20:08:49,840 - INFO - 
Fairness Evaluation Results:

2025-12-03 20:08:49,840 - INFO - Threshold Age: 40
2025-12-03 20:08:49,846 - INFO - Neural Network Equal Opportunity Results:
2025-12-03 20:08:49,846 - INFO - Percentage: -4.647001618339198
2025-12-03 20:08:49,847 - INFO - Equal Opportunity for age>threshold:
2025-12-03 20:08:49,847 - INFO -   TPR Privileged: 0.9435
2025-12-03 20:08:49,847 - INFO -   TPR Unprivileged: 0.8902
2025-12-03 20:08:49,847 - INFO -   Difference (Priv - Unpriv): 0.0533
2025-12-03 20:08:49,847 - INFO - -----------------------------------
2025-12-03 20:08:49,852 - INFO - Random Forest Equal Opportunity Results:
2025-12-03 20:08:49,852 - INFO - Percentage: -5.622297831354052
2025-12-03 20:08:49,852 - INFO - Equal Opportunity for age>threshold:
2025-12-03 20:08:49,852 - INFO -   TPR Privileged: 0.9628
2025-12-03 20:08:49,852 - INFO -   TPR Unprivileged: 0.8991
2025-12-03 20:08:49,852 - INFO -   Difference (Priv - Unpriv): 0.0638
2025-12-03 20:08:49,852 - INFO - -----------------------------------
2025-12-03 20:08:49,933 - INFO - Models need to be trained and saved.
2025-12-03 20:09:01,399 - INFO - Epoch [10/10], Loss: 0.1531
2025-12-03 20:09:01,415 - INFO - Accuracy on test set using NN: 90.71%
2025-12-03 20:09:06,855 - INFO - Accuracy on test set using Random Forest: 91.26%
2025-12-03 20:09:06,855 - INFO - 
Fairness Evaluation Results:

2025-12-03 20:09:06,855 - INFO - Threshold Age: 41
2025-12-03 20:09:06,861 - INFO - Neural Network Equal Opportunity Results:
2025-12-03 20:09:06,862 - INFO - Percentage: -5.012082265207807
2025-12-03 20:09:06,862 - INFO - Equal Opportunity for age>threshold:
2025-12-03 20:09:06,862 - INFO -   TPR Privileged: 0.9471
2025-12-03 20:09:06,862 - INFO -   TPR Unprivileged: 0.8902
2025-12-03 20:09:06,862 - INFO -   Difference (Priv - Unpriv): 0.0569
2025-12-03 20:09:06,862 - INFO - -----------------------------------
2025-12-03 20:09:06,867 - INFO - Random Forest Equal Opportunity Results:
2025-12-03 20:09:06,867 - INFO - Percentage: -5.306582621998203
2025-12-03 20:09:06,867 - INFO - Equal Opportunity for age>threshold:
2025-12-03 20:09:06,867 - INFO -   TPR Privileged: 0.9632
2025-12-03 20:09:06,867 - INFO -   TPR Unprivileged: 0.9025
2025-12-03 20:09:06,867 - INFO -   Difference (Priv - Unpriv): 0.0607
2025-12-03 20:09:06,867 - INFO - -----------------------------------
2025-12-03 20:09:06,946 - INFO - Models need to be trained and saved.
2025-12-03 20:09:18,388 - INFO - Epoch [10/10], Loss: 0.1211
2025-12-03 20:09:18,404 - INFO - Accuracy on test set using NN: 90.49%
2025-12-03 20:09:23,908 - INFO - Accuracy on test set using Random Forest: 91.26%
2025-12-03 20:09:23,908 - INFO - 
Fairness Evaluation Results:

2025-12-03 20:09:23,908 - INFO - Threshold Age: 42
2025-12-03 20:09:23,914 - INFO - Neural Network Equal Opportunity Results:
2025-12-03 20:09:23,914 - INFO - Percentage: -4.092963582097765
2025-12-03 20:09:23,915 - INFO - Equal Opportunity for age>threshold:
2025-12-03 20:09:23,915 - INFO -   TPR Privileged: 0.9625
2025-12-03 20:09:23,915 - INFO -   TPR Unprivileged: 0.9134
2025-12-03 20:09:23,915 - INFO -   Difference (Priv - Unpriv): 0.0490
2025-12-03 20:09:23,915 - INFO - -----------------------------------
2025-12-03 20:09:23,920 - INFO - Random Forest Equal Opportunity Results:
2025-12-03 20:09:23,920 - INFO - Percentage: -5.191342580948489
2025-12-03 20:09:23,920 - INFO - Equal Opportunity for age>threshold:
2025-12-03 20:09:23,920 - INFO -   TPR Privileged: 0.9646
2025-12-03 20:09:23,920 - INFO -   TPR Unprivileged: 0.9049
2025-12-03 20:09:23,920 - INFO -   Difference (Priv - Unpriv): 0.0597
2025-12-03 20:09:23,920 - INFO - -----------------------------------
2025-12-03 20:09:23,998 - INFO - Models need to be trained and saved.
2025-12-03 20:09:37,050 - INFO - Epoch [10/10], Loss: 0.3023
2025-12-03 20:09:37,067 - INFO - Accuracy on test set using NN: 90.66%
2025-12-03 20:09:42,745 - INFO - Accuracy on test set using Random Forest: 91.26%
2025-12-03 20:09:42,745 - INFO - 
Fairness Evaluation Results:

2025-12-03 20:09:42,745 - INFO - Threshold Age: 43
2025-12-03 20:09:42,751 - INFO - Neural Network Equal Opportunity Results:
2025-12-03 20:09:42,751 - INFO - Percentage: -4.085767020878363
2025-12-03 20:09:42,751 - INFO - Equal Opportunity for age>threshold:
2025-12-03 20:09:42,751 - INFO -   TPR Privileged: 0.9532
2025-12-03 20:09:42,751 - INFO -   TPR Unprivileged: 0.9047
2025-12-03 20:09:42,751 - INFO -   Difference (Priv - Unpriv): 0.0485
2025-12-03 20:09:42,751 - INFO - -----------------------------------
2025-12-03 20:09:42,757 - INFO - Random Forest Equal Opportunity Results:
2025-12-03 20:09:42,757 - INFO - Percentage: -5.182640739046197
2025-12-03 20:09:42,757 - INFO - Equal Opportunity for age>threshold:
2025-12-03 20:09:42,757 - INFO -   TPR Privileged: 0.9666
2025-12-03 20:09:42,757 - INFO -   TPR Unprivileged: 0.9068
2025-12-03 20:09:42,757 - INFO -   Difference (Priv - Unpriv): 0.0598
2025-12-03 20:09:42,757 - INFO - -----------------------------------
2025-12-03 20:09:42,851 - INFO - Models need to be trained and saved.
2025-12-03 20:09:56,306 - INFO - Epoch [10/10], Loss: 0.0860
2025-12-03 20:09:56,323 - INFO - Accuracy on test set using NN: 90.70%
2025-12-03 20:10:01,963 - INFO - Accuracy on test set using Random Forest: 91.26%
2025-12-03 20:10:01,963 - INFO - 
Fairness Evaluation Results:

2025-12-03 20:10:01,963 - INFO - Threshold Age: 44
2025-12-03 20:10:01,969 - INFO - Neural Network Equal Opportunity Results:
2025-12-03 20:10:01,969 - INFO - Percentage: -5.0765465956830305
2025-12-03 20:10:01,969 - INFO - Equal Opportunity for age>threshold:
2025-12-03 20:10:01,969 - INFO -   TPR Privileged: 0.9677
2025-12-03 20:10:01,969 - INFO -   TPR Unprivileged: 0.9089
2025-12-03 20:10:01,969 - INFO -   Difference (Priv - Unpriv): 0.0588
2025-12-03 20:10:01,970 - INFO - -----------------------------------
2025-12-03 20:10:01,975 - INFO - Random Forest Equal Opportunity Results:
2025-12-03 20:10:01,975 - INFO - Percentage: -5.364451215307987
2025-12-03 20:10:01,975 - INFO - Equal Opportunity for age>threshold:
2025-12-03 20:10:01,975 - INFO -   TPR Privileged: 0.9698
2025-12-03 20:10:01,975 - INFO -   TPR Unprivileged: 0.9081
2025-12-03 20:10:01,975 - INFO -   Difference (Priv - Unpriv): 0.0617
2025-12-03 20:10:01,975 - INFO - -----------------------------------
2025-12-03 20:10:02,059 - INFO - Models need to be trained and saved.
2025-12-03 20:10:15,287 - INFO - Epoch [10/10], Loss: 0.1012
2025-12-03 20:10:15,306 - INFO - Accuracy on test set using NN: 90.61%
2025-12-03 20:10:21,060 - INFO - Accuracy on test set using Random Forest: 91.26%
2025-12-03 20:10:21,060 - INFO - 
Fairness Evaluation Results:

2025-12-03 20:10:21,060 - INFO - Threshold Age: 45
2025-12-03 20:10:21,066 - INFO - Neural Network Equal Opportunity Results:
2025-12-03 20:10:21,066 - INFO - Percentage: -4.771317836850143
2025-12-03 20:10:21,066 - INFO - Equal Opportunity for age>threshold:
2025-12-03 20:10:21,066 - INFO -   TPR Privileged: 0.9568
2025-12-03 20:10:21,066 - INFO -   TPR Unprivileged: 0.9016
2025-12-03 20:10:21,066 - INFO -   Difference (Priv - Unpriv): 0.0552
2025-12-03 20:10:21,066 - INFO - -----------------------------------
2025-12-03 20:10:21,072 - INFO - Random Forest Equal Opportunity Results:
2025-12-03 20:10:21,072 - INFO - Percentage: -5.354268761465576
2025-12-03 20:10:21,072 - INFO - Equal Opportunity for age>threshold:
2025-12-03 20:10:21,072 - INFO -   TPR Privileged: 0.9716
2025-12-03 20:10:21,072 - INFO -   TPR Unprivileged: 0.9098
2025-12-03 20:10:21,072 - INFO -   Difference (Priv - Unpriv): 0.0617
2025-12-03 20:10:21,072 - INFO - -----------------------------------
2025-12-03 20:10:21,158 - INFO - Models need to be trained and saved.
2025-12-03 20:10:34,429 - INFO - Epoch [10/10], Loss: 0.3386
2025-12-03 20:10:34,448 - INFO - Accuracy on test set using NN: 90.51%
2025-12-03 20:10:40,107 - INFO - Accuracy on test set using Random Forest: 91.26%
2025-12-03 20:10:40,107 - INFO - 
Fairness Evaluation Results:

2025-12-03 20:10:40,107 - INFO - Threshold Age: 46
2025-12-03 20:10:40,114 - INFO - Neural Network Equal Opportunity Results:
2025-12-03 20:10:40,114 - INFO - Percentage: -4.415381643490191
2025-12-03 20:10:40,114 - INFO - Equal Opportunity for age>threshold:
2025-12-03 20:10:40,114 - INFO -   TPR Privileged: 0.9657
2025-12-03 20:10:40,114 - INFO -   TPR Unprivileged: 0.9134
2025-12-03 20:10:40,114 - INFO -   Difference (Priv - Unpriv): 0.0523
2025-12-03 20:10:40,115 - INFO - -----------------------------------
2025-12-03 20:10:40,120 - INFO - Random Forest Equal Opportunity Results:
2025-12-03 20:10:40,120 - INFO - Percentage: -5.389651819987641
2025-12-03 20:10:40,120 - INFO - Equal Opportunity for age>threshold:
2025-12-03 20:10:40,120 - INFO -   TPR Privileged: 0.9738
2025-12-03 20:10:40,120 - INFO -   TPR Unprivileged: 0.9116
2025-12-03 20:10:40,120 - INFO -   Difference (Priv - Unpriv): 0.0622
2025-12-03 20:10:40,120 - INFO - -----------------------------------
2025-12-03 20:10:40,203 - INFO - Models need to be trained and saved.
2025-12-03 20:10:53,431 - INFO - Epoch [10/10], Loss: 0.2476
2025-12-03 20:10:53,448 - INFO - Accuracy on test set using NN: 90.53%
2025-12-03 20:10:59,202 - INFO - Accuracy on test set using Random Forest: 91.26%
2025-12-03 20:10:59,202 - INFO - 
Fairness Evaluation Results:

2025-12-03 20:10:59,203 - INFO - Threshold Age: 47
2025-12-03 20:10:59,210 - INFO - Neural Network Equal Opportunity Results:
2025-12-03 20:10:59,210 - INFO - Percentage: -4.450168003491185
2025-12-03 20:10:59,210 - INFO - Equal Opportunity for age>threshold:
2025-12-03 20:10:59,210 - INFO -   TPR Privileged: 0.9765
2025-12-03 20:10:59,210 - INFO -   TPR Unprivileged: 0.9232
2025-12-03 20:10:59,210 - INFO -   Difference (Priv - Unpriv): 0.0532
2025-12-03 20:10:59,210 - INFO - -----------------------------------
2025-12-03 20:10:59,217 - INFO - Random Forest Equal Opportunity Results:
2025-12-03 20:10:59,217 - INFO - Percentage: -5.15236114028418
2025-12-03 20:10:59,217 - INFO - Equal Opportunity for age>threshold:
2025-12-03 20:10:59,217 - INFO -   TPR Privileged: 0.9734
2025-12-03 20:10:59,217 - INFO -   TPR Unprivileged: 0.9135
2025-12-03 20:10:59,217 - INFO -   Difference (Priv - Unpriv): 0.0599
2025-12-03 20:10:59,217 - INFO - -----------------------------------
2025-12-03 20:10:59,301 - INFO - Models need to be trained and saved.
2025-12-03 20:11:12,660 - INFO - Epoch [10/10], Loss: 0.1523
2025-12-03 20:11:12,678 - INFO - Accuracy on test set using NN: 90.73%
2025-12-03 20:11:18,370 - INFO - Accuracy on test set using Random Forest: 91.26%
2025-12-03 20:11:18,370 - INFO - 
Fairness Evaluation Results:

2025-12-03 20:11:18,370 - INFO - Threshold Age: 48
2025-12-03 20:11:18,377 - INFO - Neural Network Equal Opportunity Results:
2025-12-03 20:11:18,378 - INFO - Percentage: -4.351670690424893
2025-12-03 20:11:18,378 - INFO - Equal Opportunity for age>threshold:
2025-12-03 20:11:18,378 - INFO -   TPR Privileged: 0.9817
2025-12-03 20:11:18,378 - INFO -   TPR Unprivileged: 0.9292
2025-12-03 20:11:18,378 - INFO -   Difference (Priv - Unpriv): 0.0525
2025-12-03 20:11:18,378 - INFO - -----------------------------------
2025-12-03 20:11:18,385 - INFO - Random Forest Equal Opportunity Results:
2025-12-03 20:11:18,386 - INFO - Percentage: -5.124748756958887
2025-12-03 20:11:18,386 - INFO - Equal Opportunity for age>threshold:
2025-12-03 20:11:18,386 - INFO -   TPR Privileged: 0.9747
2025-12-03 20:11:18,386 - INFO -   TPR Unprivileged: 0.9150
2025-12-03 20:11:18,386 - INFO -   Difference (Priv - Unpriv): 0.0597
2025-12-03 20:11:18,386 - INFO - -----------------------------------
2025-12-03 20:11:18,468 - INFO - Models need to be trained and saved.
2025-12-03 20:11:31,772 - INFO - Epoch [10/10], Loss: 0.0839
2025-12-03 20:11:31,790 - INFO - Accuracy on test set using NN: 90.78%
2025-12-03 20:11:37,504 - INFO - Accuracy on test set using Random Forest: 91.26%
2025-12-03 20:11:37,505 - INFO - 
Fairness Evaluation Results:

2025-12-03 20:11:37,505 - INFO - Threshold Age: 49
2025-12-03 20:11:37,511 - INFO - Neural Network Equal Opportunity Results:
2025-12-03 20:11:37,511 - INFO - Percentage: -5.259492374312137
2025-12-03 20:11:37,511 - INFO - Equal Opportunity for age>threshold:
2025-12-03 20:11:37,511 - INFO -   TPR Privileged: 0.9630
2025-12-03 20:11:37,511 - INFO -   TPR Unprivileged: 0.9027
2025-12-03 20:11:37,511 - INFO -   Difference (Priv - Unpriv): 0.0603
2025-12-03 20:11:37,511 - INFO - -----------------------------------
2025-12-03 20:11:37,517 - INFO - Random Forest Equal Opportunity Results:
2025-12-03 20:11:37,517 - INFO - Percentage: -5.00034885749171
2025-12-03 20:11:37,517 - INFO - Equal Opportunity for age>threshold:
2025-12-03 20:11:37,517 - INFO -   TPR Privileged: 0.9750
2025-12-03 20:11:37,517 - INFO -   TPR Unprivileged: 0.9165
2025-12-03 20:11:37,517 - INFO -   Difference (Priv - Unpriv): 0.0585
2025-12-03 20:11:37,517 - INFO - -----------------------------------
2025-12-03 20:11:37,599 - INFO - Models need to be trained and saved.
2025-12-03 20:11:50,821 - INFO - Epoch [10/10], Loss: 0.1134
2025-12-03 20:11:50,839 - INFO - Accuracy on test set using NN: 90.63%
2025-12-03 20:11:56,568 - INFO - Accuracy on test set using Random Forest: 91.26%
2025-12-03 20:11:56,568 - INFO - 
Fairness Evaluation Results:

2025-12-03 20:11:56,568 - INFO - Threshold Age: 50
2025-12-03 20:11:56,574 - INFO - Neural Network Equal Opportunity Results:
2025-12-03 20:11:56,574 - INFO - Percentage: -5.590297242941068
2025-12-03 20:11:56,574 - INFO - Equal Opportunity for age>threshold:
2025-12-03 20:11:56,574 - INFO -   TPR Privileged: 0.9700
2025-12-03 20:11:56,574 - INFO -   TPR Unprivileged: 0.9061
2025-12-03 20:11:56,574 - INFO -   Difference (Priv - Unpriv): 0.0639
2025-12-03 20:11:56,574 - INFO - -----------------------------------
2025-12-03 20:11:56,580 - INFO - Random Forest Equal Opportunity Results:
2025-12-03 20:11:56,580 - INFO - Percentage: -4.563740030190834
2025-12-03 20:11:56,580 - INFO - Equal Opportunity for age>threshold:
2025-12-03 20:11:56,580 - INFO -   TPR Privileged: 0.9723
2025-12-03 20:11:56,580 - INFO -   TPR Unprivileged: 0.9182
2025-12-03 20:11:56,580 - INFO -   Difference (Priv - Unpriv): 0.0541
2025-12-03 20:11:56,580 - INFO - -----------------------------------
2025-12-03 20:11:56,664 - INFO - Models need to be trained and saved.
2025-12-03 20:12:09,935 - INFO - Epoch [10/10], Loss: 0.0996
2025-12-03 20:12:09,952 - INFO - Accuracy on test set using NN: 90.42%
2025-12-03 20:12:15,611 - INFO - Accuracy on test set using Random Forest: 91.26%
2025-12-03 20:12:15,611 - INFO - 
Fairness Evaluation Results:

2025-12-03 20:12:15,611 - INFO - Threshold Age: 51
2025-12-03 20:12:15,618 - INFO - Neural Network Equal Opportunity Results:
2025-12-03 20:12:15,618 - INFO - Percentage: -2.891800060607198
2025-12-03 20:12:15,618 - INFO - Equal Opportunity for age>threshold:
2025-12-03 20:12:15,618 - INFO -   TPR Privileged: 0.9544
2025-12-03 20:12:15,618 - INFO -   TPR Unprivileged: 0.9172
2025-12-03 20:12:15,618 - INFO -   Difference (Priv - Unpriv): 0.0371
2025-12-03 20:12:15,618 - INFO - -----------------------------------
2025-12-03 20:12:15,624 - INFO - Random Forest Equal Opportunity Results:
2025-12-03 20:12:15,624 - INFO - Percentage: -4.0782492752576625
2025-12-03 20:12:15,624 - INFO - Equal Opportunity for age>threshold:
2025-12-03 20:12:15,624 - INFO -   TPR Privileged: 0.9687
2025-12-03 20:12:15,624 - INFO -   TPR Unprivileged: 0.9195
2025-12-03 20:12:15,624 - INFO -   Difference (Priv - Unpriv): 0.0492
2025-12-03 20:12:15,624 - INFO - -----------------------------------
2025-12-03 20:12:15,711 - INFO - Models need to be trained and saved.
2025-12-03 20:12:28,958 - INFO - Epoch [10/10], Loss: 0.3302
2025-12-03 20:12:28,977 - INFO - Accuracy on test set using NN: 90.94%
2025-12-03 20:12:34,725 - INFO - Accuracy on test set using Random Forest: 91.26%
2025-12-03 20:12:34,725 - INFO - 
Fairness Evaluation Results:

2025-12-03 20:12:34,725 - INFO - Threshold Age: 52
2025-12-03 20:12:34,732 - INFO - Neural Network Equal Opportunity Results:
2025-12-03 20:12:34,732 - INFO - Percentage: -2.4070315331641954
2025-12-03 20:12:34,732 - INFO - Equal Opportunity for age>threshold:
2025-12-03 20:12:34,732 - INFO -   TPR Privileged: 0.9538
2025-12-03 20:12:34,732 - INFO -   TPR Unprivileged: 0.9213
2025-12-03 20:12:34,732 - INFO -   Difference (Priv - Unpriv): 0.0325
2025-12-03 20:12:34,732 - INFO - -----------------------------------
2025-12-03 20:12:34,737 - INFO - Random Forest Equal Opportunity Results:
2025-12-03 20:12:34,737 - INFO - Percentage: -4.539115374569869
2025-12-03 20:12:34,737 - INFO - Equal Opportunity for age>threshold:
2025-12-03 20:12:34,737 - INFO -   TPR Privileged: 0.9738
2025-12-03 20:12:34,738 - INFO -   TPR Unprivileged: 0.9199
2025-12-03 20:12:34,738 - INFO -   Difference (Priv - Unpriv): 0.0539
2025-12-03 20:12:34,738 - INFO - -----------------------------------
2025-12-03 20:12:34,824 - INFO - Models need to be trained and saved.
2025-12-03 20:12:48,076 - INFO - Epoch [10/10], Loss: 0.1945
2025-12-03 20:12:48,096 - INFO - Accuracy on test set using NN: 90.51%
2025-12-03 20:12:53,769 - INFO - Accuracy on test set using Random Forest: 91.26%
2025-12-03 20:12:53,770 - INFO - 
Fairness Evaluation Results:

2025-12-03 20:12:53,770 - INFO - Threshold Age: 53
2025-12-03 20:12:53,776 - INFO - Neural Network Equal Opportunity Results:
2025-12-03 20:12:53,776 - INFO - Percentage: -5.396542891920731
2025-12-03 20:12:53,776 - INFO - Equal Opportunity for age>threshold:
2025-12-03 20:12:53,776 - INFO -   TPR Privileged: 0.9746
2025-12-03 20:12:53,776 - INFO -   TPR Unprivileged: 0.9123
2025-12-03 20:12:53,776 - INFO -   Difference (Priv - Unpriv): 0.0623
2025-12-03 20:12:53,776 - INFO - -----------------------------------
2025-12-03 20:12:53,781 - INFO - Random Forest Equal Opportunity Results:
2025-12-03 20:12:53,781 - INFO - Percentage: -4.728640151612884
2025-12-03 20:12:53,781 - INFO - Equal Opportunity for age>threshold:
2025-12-03 20:12:53,782 - INFO -   TPR Privileged: 0.9764
2025-12-03 20:12:53,782 - INFO -   TPR Unprivileged: 0.9205
2025-12-03 20:12:53,782 - INFO -   Difference (Priv - Unpriv): 0.0559
2025-12-03 20:12:53,782 - INFO - -----------------------------------
2025-12-03 20:12:53,865 - INFO - Models need to be trained and saved.
2025-12-03 20:13:07,209 - INFO - Epoch [10/10], Loss: 0.1907
2025-12-03 20:13:07,226 - INFO - Accuracy on test set using NN: 90.42%
2025-12-03 20:13:12,904 - INFO - Accuracy on test set using Random Forest: 91.26%
2025-12-03 20:13:12,904 - INFO - 
Fairness Evaluation Results:

2025-12-03 20:13:12,904 - INFO - Threshold Age: 54
2025-12-03 20:13:12,910 - INFO - Neural Network Equal Opportunity Results:
2025-12-03 20:13:12,910 - INFO - Percentage: -4.349824790639667
2025-12-03 20:13:12,910 - INFO - Equal Opportunity for age>threshold:
2025-12-03 20:13:12,910 - INFO -   TPR Privileged: 0.9556
2025-12-03 20:13:12,910 - INFO -   TPR Unprivileged: 0.9045
2025-12-03 20:13:12,910 - INFO -   Difference (Priv - Unpriv): 0.0511
2025-12-03 20:13:12,910 - INFO - -----------------------------------
2025-12-03 20:13:12,915 - INFO - Random Forest Equal Opportunity Results:
2025-12-03 20:13:12,916 - INFO - Percentage: -4.68871844039629
2025-12-03 20:13:12,916 - INFO - Equal Opportunity for age>threshold:
2025-12-03 20:13:12,916 - INFO -   TPR Privileged: 0.9767
2025-12-03 20:13:12,916 - INFO -   TPR Unprivileged: 0.9212
2025-12-03 20:13:12,916 - INFO -   Difference (Priv - Unpriv): 0.0556
2025-12-03 20:13:12,916 - INFO - -----------------------------------
2025-12-03 20:13:12,996 - INFO - Models need to be trained and saved.
2025-12-03 20:13:26,343 - INFO - Epoch [10/10], Loss: 0.1897
2025-12-03 20:13:26,360 - INFO - Accuracy on test set using NN: 90.52%
2025-12-03 20:13:32,031 - INFO - Accuracy on test set using Random Forest: 91.26%
2025-12-03 20:13:32,031 - INFO - 
Fairness Evaluation Results:

2025-12-03 20:13:32,031 - INFO - Threshold Age: 55
2025-12-03 20:13:32,037 - INFO - Neural Network Equal Opportunity Results:
2025-12-03 20:13:32,037 - INFO - Percentage: -4.503703424751205
2025-12-03 20:13:32,037 - INFO - Equal Opportunity for age>threshold:
2025-12-03 20:13:32,037 - INFO -   TPR Privileged: 0.9848
2025-12-03 20:13:32,037 - INFO -   TPR Unprivileged: 0.9306
2025-12-03 20:13:32,037 - INFO -   Difference (Priv - Unpriv): 0.0542
2025-12-03 20:13:32,037 - INFO - -----------------------------------
2025-12-03 20:13:32,044 - INFO - Random Forest Equal Opportunity Results:
2025-12-03 20:13:32,044 - INFO - Percentage: -5.443186075043661
2025-12-03 20:13:32,044 - INFO - Equal Opportunity for age>threshold:
2025-12-03 20:13:32,044 - INFO -   TPR Privileged: 0.9848
2025-12-03 20:13:32,044 - INFO -   TPR Unprivileged: 0.9214
2025-12-03 20:13:32,044 - INFO -   Difference (Priv - Unpriv): 0.0635
2025-12-03 20:13:32,044 - INFO - -----------------------------------
2025-12-03 20:13:32,126 - INFO - Models need to be trained and saved.
2025-12-03 20:13:45,429 - INFO - Epoch [10/10], Loss: 0.1438
2025-12-03 20:13:45,446 - INFO - Accuracy on test set using NN: 90.47%
2025-12-03 20:13:51,077 - INFO - Accuracy on test set using Random Forest: 91.26%
2025-12-03 20:13:51,078 - INFO - 
Fairness Evaluation Results:

2025-12-03 20:13:51,078 - INFO - Threshold Age: 56
2025-12-03 20:13:51,085 - INFO - Neural Network Equal Opportunity Results:
2025-12-03 20:13:51,085 - INFO - Percentage: -5.0500231307684675
2025-12-03 20:13:51,085 - INFO - Equal Opportunity for age>threshold:
2025-12-03 20:13:51,085 - INFO -   TPR Privileged: 0.9817
2025-12-03 20:13:51,085 - INFO -   TPR Unprivileged: 0.9223
2025-12-03 20:13:51,085 - INFO -   Difference (Priv - Unpriv): 0.0594
2025-12-03 20:13:51,085 - INFO - -----------------------------------
2025-12-03 20:13:51,091 - INFO - Random Forest Equal Opportunity Results:
2025-12-03 20:13:51,091 - INFO - Percentage: -5.676314083721491
2025-12-03 20:13:51,091 - INFO - Equal Opportunity for age>threshold:
2025-12-03 20:13:51,091 - INFO -   TPR Privileged: 0.9878
2025-12-03 20:13:51,091 - INFO -   TPR Unprivileged: 0.9219
2025-12-03 20:13:51,091 - INFO -   Difference (Priv - Unpriv): 0.0659
2025-12-03 20:13:51,091 - INFO - -----------------------------------
2025-12-03 20:13:51,179 - INFO - Models need to be trained and saved.
2025-12-03 20:14:04,472 - INFO - Epoch [10/10], Loss: 0.2622
2025-12-03 20:14:04,483 - INFO - Accuracy on test set using NN: 90.53%
2025-12-03 20:14:10,141 - INFO - Accuracy on test set using Random Forest: 91.26%
2025-12-03 20:14:10,141 - INFO - 
Fairness Evaluation Results:

2025-12-03 20:14:10,141 - INFO - Threshold Age: 57
2025-12-03 20:14:10,148 - INFO - Neural Network Equal Opportunity Results:
2025-12-03 20:14:10,148 - INFO - Percentage: -7.4285097051366655
2025-12-03 20:14:10,148 - INFO - Equal Opportunity for age>threshold:
2025-12-03 20:14:10,148 - INFO -   TPR Privileged: 0.9789
2025-12-03 20:14:10,148 - INFO -   TPR Unprivileged: 0.8964
2025-12-03 20:14:10,148 - INFO -   Difference (Priv - Unpriv): 0.0825
2025-12-03 20:14:10,148 - INFO - -----------------------------------
2025-12-03 20:14:10,153 - INFO - Random Forest Equal Opportunity Results:
2025-12-03 20:14:10,153 - INFO - Percentage: -6.142149127859476
2025-12-03 20:14:10,153 - INFO - Equal Opportunity for age>threshold:
2025-12-03 20:14:10,153 - INFO -   TPR Privileged: 0.9930
2025-12-03 20:14:10,153 - INFO -   TPR Unprivileged: 0.9221
2025-12-03 20:14:10,153 - INFO -   Difference (Priv - Unpriv): 0.0709
2025-12-03 20:14:10,153 - INFO - -----------------------------------
2025-12-03 20:14:10,238 - INFO - Models need to be trained and saved.
2025-12-03 20:14:23,485 - INFO - Epoch [10/10], Loss: 0.3980
2025-12-03 20:14:23,504 - INFO - Accuracy on test set using NN: 90.73%
2025-12-03 20:14:29,178 - INFO - Accuracy on test set using Random Forest: 91.26%
2025-12-03 20:14:29,178 - INFO - 
Fairness Evaluation Results:

2025-12-03 20:14:29,178 - INFO - Threshold Age: 58
2025-12-03 20:14:29,184 - INFO - Neural Network Equal Opportunity Results:
2025-12-03 20:14:29,184 - INFO - Percentage: -4.338945680497087
2025-12-03 20:14:29,184 - INFO - Equal Opportunity for age>threshold:
2025-12-03 20:14:29,184 - INFO -   TPR Privileged: 0.9868
2025-12-03 20:14:29,184 - INFO -   TPR Unprivileged: 0.9342
2025-12-03 20:14:29,184 - INFO -   Difference (Priv - Unpriv): 0.0527
2025-12-03 20:14:29,184 - INFO - -----------------------------------
2025-12-03 20:14:29,189 - INFO - Random Forest Equal Opportunity Results:
2025-12-03 20:14:29,189 - INFO - Percentage: -6.335609706994162
2025-12-03 20:14:29,189 - INFO - Equal Opportunity for age>threshold:
2025-12-03 20:14:29,189 - INFO -   TPR Privileged: 0.9956
2025-12-03 20:14:29,190 - INFO -   TPR Unprivileged: 0.9226
2025-12-03 20:14:29,190 - INFO -   Difference (Priv - Unpriv): 0.0730
2025-12-03 20:14:29,190 - INFO - -----------------------------------
2025-12-03 20:14:29,276 - INFO - Models need to be trained and saved.
2025-12-03 20:14:42,580 - INFO - Epoch [10/10], Loss: 0.3786
2025-12-03 20:14:42,596 - INFO - Accuracy on test set using NN: 90.94%
2025-12-03 20:14:48,275 - INFO - Accuracy on test set using Random Forest: 91.26%
2025-12-03 20:14:48,275 - INFO - 
Fairness Evaluation Results:

2025-12-03 20:14:48,275 - INFO - Threshold Age: 59
2025-12-03 20:14:48,281 - INFO - Neural Network Equal Opportunity Results:
2025-12-03 20:14:48,282 - INFO - Percentage: -5.940918819371856
2025-12-03 20:14:48,282 - INFO - Equal Opportunity for age>threshold:
2025-12-03 20:14:48,282 - INFO -   TPR Privileged: 0.9836
2025-12-03 20:14:48,282 - INFO -   TPR Unprivileged: 0.9153
2025-12-03 20:14:48,282 - INFO -   Difference (Priv - Unpriv): 0.0683
2025-12-03 20:14:48,282 - INFO - -----------------------------------
2025-12-03 20:14:48,287 - INFO - Random Forest Equal Opportunity Results:
2025-12-03 20:14:48,287 - INFO - Percentage: -6.18281270767458
2025-12-03 20:14:48,287 - INFO - Equal Opportunity for age>threshold:
2025-12-03 20:14:48,287 - INFO -   TPR Privileged: 0.9945
2025-12-03 20:14:48,287 - INFO -   TPR Unprivileged: 0.9231
2025-12-03 20:14:48,287 - INFO -   Difference (Priv - Unpriv): 0.0714
2025-12-03 20:14:48,287 - INFO - -----------------------------------
2025-12-03 20:14:48,371 - INFO - Models need to be trained and saved.
2025-12-03 20:15:01,729 - INFO - Epoch [10/10], Loss: 0.0870
2025-12-03 20:15:01,747 - INFO - Accuracy on test set using NN: 90.82%
2025-12-03 20:15:07,375 - INFO - Accuracy on test set using Random Forest: 91.26%
2025-12-03 20:15:07,375 - INFO - 
Fairness Evaluation Results:

2025-12-03 20:15:07,375 - INFO - Threshold Age: 60
2025-12-03 20:15:07,381 - INFO - Neural Network Equal Opportunity Results:
2025-12-03 20:15:07,381 - INFO - Percentage: -2.785500921482743
2025-12-03 20:15:07,382 - INFO - Equal Opportunity for age>threshold:
2025-12-03 20:15:07,382 - INFO -   TPR Privileged: 0.9580
2025-12-03 20:15:07,382 - INFO -   TPR Unprivileged: 0.9218
2025-12-03 20:15:07,382 - INFO -   Difference (Priv - Unpriv): 0.0363
2025-12-03 20:15:07,382 - INFO - -----------------------------------
2025-12-03 20:15:07,387 - INFO - Random Forest Equal Opportunity Results:
2025-12-03 20:15:07,387 - INFO - Percentage: -5.993960198776151
2025-12-03 20:15:07,387 - INFO - Equal Opportunity for age>threshold:
2025-12-03 20:15:07,387 - INFO -   TPR Privileged: 0.9930
2025-12-03 20:15:07,387 - INFO -   TPR Unprivileged: 0.9236
2025-12-03 20:15:07,387 - INFO -   Difference (Priv - Unpriv): 0.0695
2025-12-03 20:15:07,387 - INFO - -----------------------------------
2025-12-03 20:15:07,472 - INFO - Models need to be trained and saved.
2025-12-03 20:15:20,778 - INFO - Epoch [10/10], Loss: 0.2325
2025-12-03 20:15:20,799 - INFO - Accuracy on test set using NN: 90.56%
2025-12-03 20:15:26,494 - INFO - Accuracy on test set using Random Forest: 91.26%
2025-12-03 20:15:26,494 - INFO - 
Fairness Evaluation Results:

2025-12-03 20:15:26,494 - INFO - Threshold Age: 61
2025-12-03 20:15:26,503 - INFO - Neural Network Equal Opportunity Results:
2025-12-03 20:15:26,503 - INFO - Percentage: -4.48110066780475
2025-12-03 20:15:26,503 - INFO - Equal Opportunity for age>threshold:
2025-12-03 20:15:26,503 - INFO -   TPR Privileged: 0.9826
2025-12-03 20:15:26,503 - INFO -   TPR Unprivileged: 0.9288
2025-12-03 20:15:26,503 - INFO -   Difference (Priv - Unpriv): 0.0539
2025-12-03 20:15:26,503 - INFO - -----------------------------------
2025-12-03 20:15:26,510 - INFO - Random Forest Equal Opportunity Results:
2025-12-03 20:15:26,510 - INFO - Percentage: -5.8022976880486645
2025-12-03 20:15:26,510 - INFO - Equal Opportunity for age>threshold:
2025-12-03 20:15:26,510 - INFO -   TPR Privileged: 0.9913
2025-12-03 20:15:26,510 - INFO -   TPR Unprivileged: 0.9239
2025-12-03 20:15:26,510 - INFO -   Difference (Priv - Unpriv): 0.0674
2025-12-03 20:15:26,510 - INFO - -----------------------------------
2025-12-03 20:15:26,603 - INFO - Models need to be trained and saved.
2025-12-03 20:15:39,792 - INFO - Epoch [10/10], Loss: 0.1866
2025-12-03 20:15:39,810 - INFO - Accuracy on test set using NN: 90.65%
2025-12-03 20:15:45,504 - INFO - Accuracy on test set using Random Forest: 91.26%
2025-12-03 20:15:45,504 - INFO - 
Fairness Evaluation Results:

2025-12-03 20:15:45,504 - INFO - Threshold Age: 62
2025-12-03 20:15:45,510 - INFO - Neural Network Equal Opportunity Results:
2025-12-03 20:15:45,510 - INFO - Percentage: -4.562474055624744
2025-12-03 20:15:45,510 - INFO - Equal Opportunity for age>threshold:
2025-12-03 20:15:45,510 - INFO -   TPR Privileged: 0.9670
2025-12-03 20:15:45,510 - INFO -   TPR Unprivileged: 0.9132
2025-12-03 20:15:45,510 - INFO -   Difference (Priv - Unpriv): 0.0538
2025-12-03 20:15:45,510 - INFO - -----------------------------------
2025-12-03 20:15:45,516 - INFO - Random Forest Equal Opportunity Results:
2025-12-03 20:15:45,516 - INFO - Percentage: -5.558976121503745
2025-12-03 20:15:45,516 - INFO - Equal Opportunity for age>threshold:
2025-12-03 20:15:45,516 - INFO -   TPR Privileged: 0.9890
2025-12-03 20:15:45,516 - INFO -   TPR Unprivileged: 0.9241
2025-12-03 20:15:45,516 - INFO -   Difference (Priv - Unpriv): 0.0649
2025-12-03 20:15:45,516 - INFO - -----------------------------------
2025-12-03 20:15:45,601 - INFO - Models need to be trained and saved.
2025-12-03 20:15:58,936 - INFO - Epoch [10/10], Loss: 0.2425
2025-12-03 20:15:58,951 - INFO - Accuracy on test set using NN: 90.25%
2025-12-03 20:16:04,629 - INFO - Accuracy on test set using Random Forest: 91.26%
2025-12-03 20:16:04,630 - INFO - 
Fairness Evaluation Results:

2025-12-03 20:16:04,630 - INFO - Threshold Age: 63
2025-12-03 20:16:04,636 - INFO - Neural Network Equal Opportunity Results:
2025-12-03 20:16:04,636 - INFO - Percentage: -1.2361235916223188
2025-12-03 20:16:04,636 - INFO - Equal Opportunity for age>threshold:
2025-12-03 20:16:04,636 - INFO -   TPR Privileged: 0.9444
2025-12-03 20:16:04,636 - INFO -   TPR Unprivileged: 0.9233
2025-12-03 20:16:04,636 - INFO -   Difference (Priv - Unpriv): 0.0211
2025-12-03 20:16:04,636 - INFO - -----------------------------------
2025-12-03 20:16:04,644 - INFO - Random Forest Equal Opportunity Results:
2025-12-03 20:16:04,644 - INFO - Percentage: -5.2627232253686715
2025-12-03 20:16:04,645 - INFO - Equal Opportunity for age>threshold:
2025-12-03 20:16:04,645 - INFO -   TPR Privileged: 0.9861
2025-12-03 20:16:04,645 - INFO -   TPR Unprivileged: 0.9244
2025-12-03 20:16:04,645 - INFO -   Difference (Priv - Unpriv): 0.0618
2025-12-03 20:16:04,645 - INFO - -----------------------------------
2025-12-03 20:16:04,730 - INFO - Models need to be trained and saved.
2025-12-03 20:16:18,008 - INFO - Epoch [10/10], Loss: 0.1181
2025-12-03 20:16:18,025 - INFO - Accuracy on test set using NN: 90.62%
2025-12-03 20:16:23,732 - INFO - Accuracy on test set using Random Forest: 91.26%
2025-12-03 20:16:23,733 - INFO - 
Fairness Evaluation Results:

2025-12-03 20:16:23,733 - INFO - Threshold Age: 64
2025-12-03 20:16:23,739 - INFO - Neural Network Equal Opportunity Results:
2025-12-03 20:16:23,739 - INFO - Percentage: -2.844080447854026
2025-12-03 20:16:23,739 - INFO - Equal Opportunity for age>threshold:
2025-12-03 20:16:23,739 - INFO -   TPR Privileged: 0.9636
2025-12-03 20:16:23,739 - INFO -   TPR Unprivileged: 0.9266
2025-12-03 20:16:23,739 - INFO -   Difference (Priv - Unpriv): 0.0370
2025-12-03 20:16:23,739 - INFO - -----------------------------------
2025-12-03 20:16:23,745 - INFO - Random Forest Equal Opportunity Results:
2025-12-03 20:16:23,745 - INFO - Percentage: -6.5604395604395584
2025-12-03 20:16:23,745 - INFO - Equal Opportunity for age>threshold:
2025-12-03 20:16:23,745 - INFO -   TPR Privileged: 1.0000
2025-12-03 20:16:23,745 - INFO -   TPR Unprivileged: 0.9244
2025-12-03 20:16:23,745 - INFO -   Difference (Priv - Unpriv): 0.0756
2025-12-03 20:16:23,745 - INFO - -----------------------------------
2025-12-03 20:16:23,826 - INFO - Models need to be trained and saved.
2025-12-03 20:16:37,021 - INFO - Epoch [10/10], Loss: 0.0950
2025-12-03 20:16:37,038 - INFO - Accuracy on test set using NN: 90.59%
2025-12-03 20:16:42,756 - INFO - Accuracy on test set using Random Forest: 91.26%
2025-12-03 20:16:42,756 - INFO - 
Fairness Evaluation Results:

2025-12-03 20:16:42,756 - INFO - Threshold Age: 65
2025-12-03 20:16:42,762 - INFO - Neural Network Equal Opportunity Results:
2025-12-03 20:16:42,763 - INFO - Percentage: -7.043287510968122
2025-12-03 20:16:42,763 - INFO - Equal Opportunity for age>threshold:
2025-12-03 20:16:42,763 - INFO -   TPR Privileged: 1.0000
2025-12-03 20:16:42,763 - INFO -   TPR Unprivileged: 0.9196
2025-12-03 20:16:42,763 - INFO -   Difference (Priv - Unpriv): 0.0804
2025-12-03 20:16:42,763 - INFO - -----------------------------------
2025-12-03 20:16:42,770 - INFO - Random Forest Equal Opportunity Results:
2025-12-03 20:16:42,770 - INFO - Percentage: -6.5460661011991785
2025-12-03 20:16:42,770 - INFO - Equal Opportunity for age>threshold:
2025-12-03 20:16:42,770 - INFO -   TPR Privileged: 1.0000
2025-12-03 20:16:42,770 - INFO -   TPR Unprivileged: 0.9245
2025-12-03 20:16:42,770 - INFO -   Difference (Priv - Unpriv): 0.0755
2025-12-03 20:16:42,770 - INFO - -----------------------------------
2025-12-03 20:16:42,876 - INFO - Models need to be trained and saved.
2025-12-03 20:16:56,282 - INFO - Epoch [10/10], Loss: 0.2261
2025-12-03 20:16:56,295 - INFO - Accuracy on test set using NN: 90.78%
2025-12-03 20:17:01,963 - INFO - Accuracy on test set using Random Forest: 91.26%
2025-12-03 20:17:01,963 - INFO - 
Fairness Evaluation Results:

2025-12-03 20:17:01,963 - INFO - Threshold Age: 66
2025-12-03 20:17:01,969 - INFO - Neural Network Equal Opportunity Results:
2025-12-03 20:17:01,969 - INFO - Percentage: -7.061924930626551
2025-12-03 20:17:01,969 - INFO - Equal Opportunity for age>threshold:
2025-12-03 20:17:01,969 - INFO -   TPR Privileged: 1.0000
2025-12-03 20:17:01,969 - INFO -   TPR Unprivileged: 0.9194
2025-12-03 20:17:01,969 - INFO -   Difference (Priv - Unpriv): 0.0806
2025-12-03 20:17:01,969 - INFO - -----------------------------------
2025-12-03 20:17:01,975 - INFO - Random Forest Equal Opportunity Results:
2025-12-03 20:17:01,975 - INFO - Percentage: -6.536147217759604
2025-12-03 20:17:01,975 - INFO - Equal Opportunity for age>threshold:
2025-12-03 20:17:01,975 - INFO -   TPR Privileged: 1.0000
2025-12-03 20:17:01,975 - INFO -   TPR Unprivileged: 0.9246
2025-12-03 20:17:01,975 - INFO -   Difference (Priv - Unpriv): 0.0754
2025-12-03 20:17:01,975 - INFO - -----------------------------------
2025-12-03 20:17:02,058 - INFO - Models need to be trained and saved.
2025-12-03 20:17:15,324 - INFO - Epoch [10/10], Loss: 0.2550
2025-12-03 20:17:15,342 - INFO - Accuracy on test set using NN: 90.65%
2025-12-03 20:17:20,990 - INFO - Accuracy on test set using Random Forest: 91.26%
2025-12-03 20:17:20,990 - INFO - 
Fairness Evaluation Results:

2025-12-03 20:17:20,991 - INFO - Threshold Age: 67
2025-12-03 20:17:20,997 - INFO - Neural Network Equal Opportunity Results:
2025-12-03 20:17:20,997 - INFO - Percentage: -6.691185055458261
2025-12-03 20:17:20,997 - INFO - Equal Opportunity for age>threshold:
2025-12-03 20:17:20,997 - INFO -   TPR Privileged: 1.0000
2025-12-03 20:17:20,997 - INFO -   TPR Unprivileged: 0.9231
2025-12-03 20:17:20,997 - INFO -   Difference (Priv - Unpriv): 0.0769
2025-12-03 20:17:20,997 - INFO - -----------------------------------
2025-12-03 20:17:21,003 - INFO - Random Forest Equal Opportunity Results:
2025-12-03 20:17:21,003 - INFO - Percentage: -6.530647985989491
2025-12-03 20:17:21,003 - INFO - Equal Opportunity for age>threshold:
2025-12-03 20:17:21,003 - INFO -   TPR Privileged: 1.0000
2025-12-03 20:17:21,003 - INFO -   TPR Unprivileged: 0.9247
2025-12-03 20:17:21,003 - INFO -   Difference (Priv - Unpriv): 0.0753
2025-12-03 20:17:21,003 - INFO - -----------------------------------
2025-12-03 20:17:21,087 - INFO - Models need to be trained and saved.
2025-12-03 20:17:34,265 - INFO - Epoch [10/10], Loss: 0.2077
2025-12-03 20:17:34,284 - INFO - Accuracy on test set using NN: 90.77%
2025-12-03 20:17:39,974 - INFO - Accuracy on test set using Random Forest: 91.26%
2025-12-03 20:17:39,974 - INFO - 
Fairness Evaluation Results:

2025-12-03 20:17:39,974 - INFO - Threshold Age: 68
2025-12-03 20:17:39,980 - INFO - Neural Network Equal Opportunity Results:
2025-12-03 20:17:39,981 - INFO - Percentage: -6.015752625437576
2025-12-03 20:17:39,981 - INFO - Equal Opportunity for age>threshold:
2025-12-03 20:17:39,981 - INFO -   TPR Privileged: 1.0000
2025-12-03 20:17:39,981 - INFO -   TPR Unprivileged: 0.9298
2025-12-03 20:17:39,981 - INFO -   Difference (Priv - Unpriv): 0.0702
2025-12-03 20:17:39,981 - INFO - -----------------------------------
2025-12-03 20:17:39,986 - INFO - Random Forest Equal Opportunity Results:
2025-12-03 20:17:39,986 - INFO - Percentage: -6.526254375729291
2025-12-03 20:17:39,986 - INFO - Equal Opportunity for age>threshold:
2025-12-03 20:17:39,986 - INFO -   TPR Privileged: 1.0000
2025-12-03 20:17:39,986 - INFO -   TPR Unprivileged: 0.9247
2025-12-03 20:17:39,986 - INFO -   Difference (Priv - Unpriv): 0.0753
2025-12-03 20:17:39,986 - INFO - -----------------------------------
2025-12-03 20:17:40,069 - INFO - Models need to be trained and saved.
2025-12-03 20:17:53,367 - INFO - Epoch [10/10], Loss: 0.2383
2025-12-03 20:17:53,385 - INFO - Accuracy on test set using NN: 90.58%
2025-12-03 20:17:59,153 - INFO - Accuracy on test set using Random Forest: 91.26%
2025-12-03 20:17:59,153 - INFO - 
Fairness Evaluation Results:

2025-12-03 20:17:59,154 - INFO - Threshold Age: 69
2025-12-03 20:17:59,160 - INFO - Neural Network Equal Opportunity Results:
2025-12-03 20:17:59,160 - INFO - Percentage: -6.5051005537744135
2025-12-03 20:17:59,160 - INFO - Equal Opportunity for age>threshold:
2025-12-03 20:17:59,160 - INFO -   TPR Privileged: 1.0000
2025-12-03 20:17:59,160 - INFO -   TPR Unprivileged: 0.9249
2025-12-03 20:17:59,160 - INFO -   Difference (Priv - Unpriv): 0.0751
2025-12-03 20:17:59,160 - INFO - -----------------------------------
2025-12-03 20:17:59,165 - INFO - Random Forest Equal Opportunity Results:
2025-12-03 20:17:59,165 - INFO - Percentage: -6.519673564558438
2025-12-03 20:17:59,165 - INFO - Equal Opportunity for age>threshold:
2025-12-03 20:17:59,165 - INFO -   TPR Privileged: 1.0000
2025-12-03 20:17:59,165 - INFO -   TPR Unprivileged: 0.9248
2025-12-03 20:17:59,166 - INFO -   Difference (Priv - Unpriv): 0.0752
2025-12-03 20:17:59,166 - INFO - -----------------------------------
